2024-10-19 13:42:47.164 [main] INFO  taller1.grupo.vueadmin.VueadminApplication - Starting VueadminApplication using Java 17.0.10 with PID 6772 (C:\Users\e1818\OneDrive\Documentos\gestion2024\proyectofinal\proyectotaller12024\target\classes started by e1818 in c:\Users\e1818\OneDrive\Documentos\gestion2024\proyectofinal\proyectotaller12024)
2024-10-19 13:42:47.169 [main] DEBUG taller1.grupo.vueadmin.VueadminApplication - Running with Spring Boot v3.1.5, Spring v6.0.13
2024-10-19 13:42:47.171 [main] INFO  taller1.grupo.vueadmin.VueadminApplication - The following 1 profile is active: "dev"
2024-10-19 13:42:47.173 [main] DEBUG org.springframework.boot.SpringApplication - Loading source class taller1.grupo.vueadmin.VueadminApplication
2024-10-19 13:42:47.347 [main] DEBUG o.s.b.w.s.c.AnnotationConfigServletWebServerApplicationContext - Refreshing org.springframework.boot.web.servlet.context.AnnotationConfigServletWebServerApplicationContext@63fdab07
2024-10-19 13:42:47.450 [main] DEBUG o.s.b.factory.support.DefaultListableBeanFactory - Creating shared instance of singleton bean 'org.springframework.context.annotation.internalConfigurationAnnotationProcessor'
2024-10-19 13:42:47.487 [main] DEBUG o.s.b.factory.support.DefaultListableBeanFactory - Creating shared instance of singleton bean 'org.springframework.boot.autoconfigure.internalCachingMetadataReaderFactory'
2024-10-19 13:42:47.788 [main] DEBUG o.s.c.annotation.ClassPathBeanDefinitionScanner - Identified candidate component class: file [C:\Users\e1818\OneDrive\Documentos\gestion2024\proyectofinal\proyectotaller12024\target\classes\taller1\grupo\vueadmin\common\exception\GlobalExceptionConfig.class]
2024-10-19 13:42:47.812 [main] DEBUG o.s.c.annotation.ClassPathBeanDefinitionScanner - Identified candidate component class: file [C:\Users\e1818\OneDrive\Documentos\gestion2024\proyectofinal\proyectotaller12024\target\classes\taller1\grupo\vueadmin\config\config\CacheConfig.class]
2024-10-19 13:42:47.830 [main] DEBUG o.s.c.annotation.ClassPathBeanDefinitionScanner - Identified candidate component class: file [C:\Users\e1818\OneDrive\Documentos\gestion2024\proyectofinal\proyectotaller12024\target\classes\taller1\grupo\vueadmin\config\config\MybatisPlusConfig.class]
2024-10-19 13:42:47.832 [main] DEBUG o.s.c.annotation.ClassPathBeanDefinitionScanner - Identified candidate component class: file [C:\Users\e1818\OneDrive\Documentos\gestion2024\proyectofinal\proyectotaller12024\target\classes\taller1\grupo\vueadmin\config\config\MyMetaObjectHandler.class]
2024-10-19 13:42:47.837 [main] DEBUG o.s.c.annotation.ClassPathBeanDefinitionScanner - Identified candidate component class: file [C:\Users\e1818\OneDrive\Documentos\gestion2024\proyectofinal\proyectotaller12024\target\classes\taller1\grupo\vueadmin\config\config\WebCorsConfiguration.class]
2024-10-19 13:42:47.842 [main] DEBUG o.s.c.annotation.ClassPathBeanDefinitionScanner - Identified candidate component class: file [C:\Users\e1818\OneDrive\Documentos\gestion2024\proyectofinal\proyectotaller12024\target\classes\taller1\grupo\vueadmin\config\filter\JwtAuthorizationFilter.class]
2024-10-19 13:42:47.854 [main] DEBUG o.s.c.annotation.ClassPathBeanDefinitionScanner - Identified candidate component class: file [C:\Users\e1818\OneDrive\Documentos\gestion2024\proyectofinal\proyectotaller12024\target\classes\taller1\grupo\vueadmin\config\security\SecurityConfiguration.class]
2024-10-19 13:42:47.860 [main] DEBUG o.s.c.annotation.ClassPathBeanDefinitionScanner - Identified candidate component class: file [C:\Users\e1818\OneDrive\Documentos\gestion2024\proyectofinal\proyectotaller12024\target\classes\taller1\grupo\vueadmin\config\security\UserDetailsServiceImpl.class]
2024-10-19 13:42:47.889 [main] DEBUG o.s.c.annotation.ClassPathBeanDefinitionScanner - Identified candidate component class: file [C:\Users\e1818\OneDrive\Documentos\gestion2024\proyectofinal\proyectotaller12024\target\classes\taller1\grupo\vueadmin\logs\ascept\LogAspect.class]
2024-10-19 13:42:47.915 [main] DEBUG o.s.c.annotation.ClassPathBeanDefinitionScanner - Identified candidate component class: file [C:\Users\e1818\OneDrive\Documentos\gestion2024\proyectofinal\proyectotaller12024\target\classes\taller1\grupo\vueadmin\system\controller\ClientesController.class]
2024-10-19 13:42:47.924 [main] DEBUG o.s.c.annotation.ClassPathBeanDefinitionScanner - Identified candidate component class: file [C:\Users\e1818\OneDrive\Documentos\gestion2024\proyectofinal\proyectotaller12024\target\classes\taller1\grupo\vueadmin\system\controller\LoginController.class]
2024-10-19 13:42:47.926 [main] DEBUG o.s.c.annotation.ClassPathBeanDefinitionScanner - Identified candidate component class: file [C:\Users\e1818\OneDrive\Documentos\gestion2024\proyectofinal\proyectotaller12024\target\classes\taller1\grupo\vueadmin\system\controller\modulo1Controller.class]
2024-10-19 13:42:47.930 [main] DEBUG o.s.c.annotation.ClassPathBeanDefinitionScanner - Identified candidate component class: file [C:\Users\e1818\OneDrive\Documentos\gestion2024\proyectofinal\proyectotaller12024\target\classes\taller1\grupo\vueadmin\system\controller\SysLogController.class]
2024-10-19 13:42:47.937 [main] DEBUG o.s.c.annotation.ClassPathBeanDefinitionScanner - Identified candidate component class: file [C:\Users\e1818\OneDrive\Documentos\gestion2024\proyectofinal\proyectotaller12024\target\classes\taller1\grupo\vueadmin\system\controller\SysMenuController.class]
2024-10-19 13:42:47.942 [main] DEBUG o.s.c.annotation.ClassPathBeanDefinitionScanner - Identified candidate component class: file [C:\Users\e1818\OneDrive\Documentos\gestion2024\proyectofinal\proyectotaller12024\target\classes\taller1\grupo\vueadmin\system\controller\SysRoleController.class]
2024-10-19 13:42:47.947 [main] DEBUG o.s.c.annotation.ClassPathBeanDefinitionScanner - Identified candidate component class: file [C:\Users\e1818\OneDrive\Documentos\gestion2024\proyectofinal\proyectotaller12024\target\classes\taller1\grupo\vueadmin\system\controller\SysRoleMenuController.class]
2024-10-19 13:42:47.951 [main] DEBUG o.s.c.annotation.ClassPathBeanDefinitionScanner - Identified candidate component class: file [C:\Users\e1818\OneDrive\Documentos\gestion2024\proyectofinal\proyectotaller12024\target\classes\taller1\grupo\vueadmin\system\controller\SysUserController.class]
2024-10-19 13:42:47.999 [main] DEBUG o.s.c.annotation.ClassPathBeanDefinitionScanner - Ignored because not a concrete top-level class: file [C:\Users\e1818\OneDrive\Documentos\gestion2024\proyectofinal\proyectotaller12024\target\classes\taller1\grupo\vueadmin\system\mapper\ClientesMapper.class]
2024-10-19 13:42:48.004 [main] DEBUG o.s.c.annotation.ClassPathBeanDefinitionScanner - Ignored because not a concrete top-level class: file [C:\Users\e1818\OneDrive\Documentos\gestion2024\proyectofinal\proyectotaller12024\target\classes\taller1\grupo\vueadmin\system\mapper\Modulo1Mapper.class]
2024-10-19 13:42:48.008 [main] DEBUG o.s.c.annotation.ClassPathBeanDefinitionScanner - Ignored because not a concrete top-level class: file [C:\Users\e1818\OneDrive\Documentos\gestion2024\proyectofinal\proyectotaller12024\target\classes\taller1\grupo\vueadmin\system\mapper\SysLogMapper.class]
2024-10-19 13:42:48.015 [main] DEBUG o.s.c.annotation.ClassPathBeanDefinitionScanner - Ignored because not a concrete top-level class: file [C:\Users\e1818\OneDrive\Documentos\gestion2024\proyectofinal\proyectotaller12024\target\classes\taller1\grupo\vueadmin\system\mapper\SysMenuMapper.class]
2024-10-19 13:42:48.019 [main] DEBUG o.s.c.annotation.ClassPathBeanDefinitionScanner - Ignored because not a concrete top-level class: file [C:\Users\e1818\OneDrive\Documentos\gestion2024\proyectofinal\proyectotaller12024\target\classes\taller1\grupo\vueadmin\system\mapper\SysRoleMapper.class]
2024-10-19 13:42:48.022 [main] DEBUG o.s.c.annotation.ClassPathBeanDefinitionScanner - Ignored because not a concrete top-level class: file [C:\Users\e1818\OneDrive\Documentos\gestion2024\proyectofinal\proyectotaller12024\target\classes\taller1\grupo\vueadmin\system\mapper\SysRoleMenuMapper.class]
2024-10-19 13:42:48.025 [main] DEBUG o.s.c.annotation.ClassPathBeanDefinitionScanner - Ignored because not a concrete top-level class: file [C:\Users\e1818\OneDrive\Documentos\gestion2024\proyectofinal\proyectotaller12024\target\classes\taller1\grupo\vueadmin\system\mapper\SysRoleUserMapper.class]
2024-10-19 13:42:48.030 [main] DEBUG o.s.c.annotation.ClassPathBeanDefinitionScanner - Ignored because not a concrete top-level class: file [C:\Users\e1818\OneDrive\Documentos\gestion2024\proyectofinal\proyectotaller12024\target\classes\taller1\grupo\vueadmin\system\mapper\SysUserMapper.class]
2024-10-19 13:42:48.034 [main] DEBUG o.s.c.annotation.ClassPathBeanDefinitionScanner - Identified candidate component class: file [C:\Users\e1818\OneDrive\Documentos\gestion2024\proyectofinal\proyectotaller12024\target\classes\taller1\grupo\vueadmin\system\service\impl\ClientesServiceImpl.class]
2024-10-19 13:42:48.035 [main] DEBUG o.s.c.annotation.ClassPathBeanDefinitionScanner - Identified candidate component class: file [C:\Users\e1818\OneDrive\Documentos\gestion2024\proyectofinal\proyectotaller12024\target\classes\taller1\grupo\vueadmin\system\service\impl\Modulo1ServiceImpl.class]
2024-10-19 13:42:48.038 [main] DEBUG o.s.c.annotation.ClassPathBeanDefinitionScanner - Identified candidate component class: file [C:\Users\e1818\OneDrive\Documentos\gestion2024\proyectofinal\proyectotaller12024\target\classes\taller1\grupo\vueadmin\system\service\impl\SysLogServiceImpl.class]
2024-10-19 13:42:48.043 [main] DEBUG o.s.c.annotation.ClassPathBeanDefinitionScanner - Identified candidate component class: file [C:\Users\e1818\OneDrive\Documentos\gestion2024\proyectofinal\proyectotaller12024\target\classes\taller1\grupo\vueadmin\system\service\impl\SysMenuServiceImpl.class]
2024-10-19 13:42:48.046 [main] DEBUG o.s.c.annotation.ClassPathBeanDefinitionScanner - Identified candidate component class: file [C:\Users\e1818\OneDrive\Documentos\gestion2024\proyectofinal\proyectotaller12024\target\classes\taller1\grupo\vueadmin\system\service\impl\SysRoleMenuServiceImpl.class]
2024-10-19 13:42:48.048 [main] DEBUG o.s.c.annotation.ClassPathBeanDefinitionScanner - Identified candidate component class: file [C:\Users\e1818\OneDrive\Documentos\gestion2024\proyectofinal\proyectotaller12024\target\classes\taller1\grupo\vueadmin\system\service\impl\SysRoleServiceImpl.class]
2024-10-19 13:42:48.052 [main] DEBUG o.s.c.annotation.ClassPathBeanDefinitionScanner - Identified candidate component class: file [C:\Users\e1818\OneDrive\Documentos\gestion2024\proyectofinal\proyectotaller12024\target\classes\taller1\grupo\vueadmin\system\service\impl\SysRoleUserServiceImpl.class]
2024-10-19 13:42:48.054 [main] DEBUG o.s.c.annotation.ClassPathBeanDefinitionScanner - Identified candidate component class: file [C:\Users\e1818\OneDrive\Documentos\gestion2024\proyectofinal\proyectotaller12024\target\classes\taller1\grupo\vueadmin\system\service\impl\SysUserServiceImpl.class]
2024-10-19 13:42:52.685 [main] INFO  taller1.grupo.vueadmin.VueadminApplication - Starting VueadminApplication using Java 17.0.10 with PID 21508 (C:\Users\e1818\OneDrive\Documentos\gestion2024\proyectofinal\proyectotaller12024\target\classes started by e1818 in c:\Users\e1818\OneDrive\Documentos\gestion2024\proyectofinal\proyectotaller12024)
2024-10-19 13:42:52.692 [main] DEBUG taller1.grupo.vueadmin.VueadminApplication - Running with Spring Boot v3.1.5, Spring v6.0.13
2024-10-19 13:42:52.694 [main] INFO  taller1.grupo.vueadmin.VueadminApplication - The following 1 profile is active: "dev"
2024-10-19 13:42:52.698 [main] DEBUG org.springframework.boot.SpringApplication - Loading source class taller1.grupo.vueadmin.VueadminApplication
2024-10-19 13:42:52.876 [main] DEBUG o.s.b.w.s.c.AnnotationConfigServletWebServerApplicationContext - Refreshing org.springframework.boot.web.servlet.context.AnnotationConfigServletWebServerApplicationContext@63fdab07
2024-10-19 13:42:52.953 [main] DEBUG o.s.b.factory.support.DefaultListableBeanFactory - Creating shared instance of singleton bean 'org.springframework.context.annotation.internalConfigurationAnnotationProcessor'
2024-10-19 13:42:52.989 [main] DEBUG o.s.b.factory.support.DefaultListableBeanFactory - Creating shared instance of singleton bean 'org.springframework.boot.autoconfigure.internalCachingMetadataReaderFactory'
2024-10-19 13:42:53.126 [main] DEBUG o.s.c.annotation.ClassPathBeanDefinitionScanner - Identified candidate component class: file [C:\Users\e1818\OneDrive\Documentos\gestion2024\proyectofinal\proyectotaller12024\target\classes\taller1\grupo\vueadmin\common\exception\GlobalExceptionConfig.class]
2024-10-19 13:42:53.139 [main] DEBUG o.s.c.annotation.ClassPathBeanDefinitionScanner - Identified candidate component class: file [C:\Users\e1818\OneDrive\Documentos\gestion2024\proyectofinal\proyectotaller12024\target\classes\taller1\grupo\vueadmin\config\config\CacheConfig.class]
2024-10-19 13:42:53.151 [main] DEBUG o.s.c.annotation.ClassPathBeanDefinitionScanner - Identified candidate component class: file [C:\Users\e1818\OneDrive\Documentos\gestion2024\proyectofinal\proyectotaller12024\target\classes\taller1\grupo\vueadmin\config\config\MybatisPlusConfig.class]
2024-10-19 13:42:53.153 [main] DEBUG o.s.c.annotation.ClassPathBeanDefinitionScanner - Identified candidate component class: file [C:\Users\e1818\OneDrive\Documentos\gestion2024\proyectofinal\proyectotaller12024\target\classes\taller1\grupo\vueadmin\config\config\MyMetaObjectHandler.class]
2024-10-19 13:42:53.155 [main] DEBUG o.s.c.annotation.ClassPathBeanDefinitionScanner - Identified candidate component class: file [C:\Users\e1818\OneDrive\Documentos\gestion2024\proyectofinal\proyectotaller12024\target\classes\taller1\grupo\vueadmin\config\config\WebCorsConfiguration.class]
2024-10-19 13:42:53.157 [main] DEBUG o.s.c.annotation.ClassPathBeanDefinitionScanner - Identified candidate component class: file [C:\Users\e1818\OneDrive\Documentos\gestion2024\proyectofinal\proyectotaller12024\target\classes\taller1\grupo\vueadmin\config\filter\JwtAuthorizationFilter.class]
2024-10-19 13:42:53.168 [main] DEBUG o.s.c.annotation.ClassPathBeanDefinitionScanner - Identified candidate component class: file [C:\Users\e1818\OneDrive\Documentos\gestion2024\proyectofinal\proyectotaller12024\target\classes\taller1\grupo\vueadmin\config\security\SecurityConfiguration.class]
2024-10-19 13:42:53.171 [main] DEBUG o.s.c.annotation.ClassPathBeanDefinitionScanner - Identified candidate component class: file [C:\Users\e1818\OneDrive\Documentos\gestion2024\proyectofinal\proyectotaller12024\target\classes\taller1\grupo\vueadmin\config\security\UserDetailsServiceImpl.class]
2024-10-19 13:42:53.181 [main] DEBUG o.s.c.annotation.ClassPathBeanDefinitionScanner - Identified candidate component class: file [C:\Users\e1818\OneDrive\Documentos\gestion2024\proyectofinal\proyectotaller12024\target\classes\taller1\grupo\vueadmin\logs\ascept\LogAspect.class]
2024-10-19 13:42:53.230 [main] DEBUG o.s.c.annotation.ClassPathBeanDefinitionScanner - Identified candidate component class: file [C:\Users\e1818\OneDrive\Documentos\gestion2024\proyectofinal\proyectotaller12024\target\classes\taller1\grupo\vueadmin\system\controller\ClientesController.class]
2024-10-19 13:42:53.240 [main] DEBUG o.s.c.annotation.ClassPathBeanDefinitionScanner - Identified candidate component class: file [C:\Users\e1818\OneDrive\Documentos\gestion2024\proyectofinal\proyectotaller12024\target\classes\taller1\grupo\vueadmin\system\controller\LoginController.class]
2024-10-19 13:42:53.244 [main] DEBUG o.s.c.annotation.ClassPathBeanDefinitionScanner - Identified candidate component class: file [C:\Users\e1818\OneDrive\Documentos\gestion2024\proyectofinal\proyectotaller12024\target\classes\taller1\grupo\vueadmin\system\controller\modulo1Controller.class]
2024-10-19 13:42:53.259 [main] DEBUG o.s.c.annotation.ClassPathBeanDefinitionScanner - Identified candidate component class: file [C:\Users\e1818\OneDrive\Documentos\gestion2024\proyectofinal\proyectotaller12024\target\classes\taller1\grupo\vueadmin\system\controller\SysLogController.class]
2024-10-19 13:42:53.276 [main] DEBUG o.s.c.annotation.ClassPathBeanDefinitionScanner - Identified candidate component class: file [C:\Users\e1818\OneDrive\Documentos\gestion2024\proyectofinal\proyectotaller12024\target\classes\taller1\grupo\vueadmin\system\controller\SysMenuController.class]
2024-10-19 13:42:53.287 [main] DEBUG o.s.c.annotation.ClassPathBeanDefinitionScanner - Identified candidate component class: file [C:\Users\e1818\OneDrive\Documentos\gestion2024\proyectofinal\proyectotaller12024\target\classes\taller1\grupo\vueadmin\system\controller\SysRoleController.class]
2024-10-19 13:42:53.292 [main] DEBUG o.s.c.annotation.ClassPathBeanDefinitionScanner - Identified candidate component class: file [C:\Users\e1818\OneDrive\Documentos\gestion2024\proyectofinal\proyectotaller12024\target\classes\taller1\grupo\vueadmin\system\controller\SysRoleMenuController.class]
2024-10-19 13:42:53.296 [main] DEBUG o.s.c.annotation.ClassPathBeanDefinitionScanner - Identified candidate component class: file [C:\Users\e1818\OneDrive\Documentos\gestion2024\proyectofinal\proyectotaller12024\target\classes\taller1\grupo\vueadmin\system\controller\SysUserController.class]
2024-10-19 13:42:53.387 [main] DEBUG o.s.c.annotation.ClassPathBeanDefinitionScanner - Ignored because not a concrete top-level class: file [C:\Users\e1818\OneDrive\Documentos\gestion2024\proyectofinal\proyectotaller12024\target\classes\taller1\grupo\vueadmin\system\mapper\ClientesMapper.class]
2024-10-19 13:42:53.391 [main] DEBUG o.s.c.annotation.ClassPathBeanDefinitionScanner - Ignored because not a concrete top-level class: file [C:\Users\e1818\OneDrive\Documentos\gestion2024\proyectofinal\proyectotaller12024\target\classes\taller1\grupo\vueadmin\system\mapper\Modulo1Mapper.class]
2024-10-19 13:42:53.392 [main] DEBUG o.s.c.annotation.ClassPathBeanDefinitionScanner - Ignored because not a concrete top-level class: file [C:\Users\e1818\OneDrive\Documentos\gestion2024\proyectofinal\proyectotaller12024\target\classes\taller1\grupo\vueadmin\system\mapper\SysLogMapper.class]
2024-10-19 13:42:53.394 [main] DEBUG o.s.c.annotation.ClassPathBeanDefinitionScanner - Ignored because not a concrete top-level class: file [C:\Users\e1818\OneDrive\Documentos\gestion2024\proyectofinal\proyectotaller12024\target\classes\taller1\grupo\vueadmin\system\mapper\SysMenuMapper.class]
2024-10-19 13:42:53.396 [main] DEBUG o.s.c.annotation.ClassPathBeanDefinitionScanner - Ignored because not a concrete top-level class: file [C:\Users\e1818\OneDrive\Documentos\gestion2024\proyectofinal\proyectotaller12024\target\classes\taller1\grupo\vueadmin\system\mapper\SysRoleMapper.class]
2024-10-19 13:42:53.397 [main] DEBUG o.s.c.annotation.ClassPathBeanDefinitionScanner - Ignored because not a concrete top-level class: file [C:\Users\e1818\OneDrive\Documentos\gestion2024\proyectofinal\proyectotaller12024\target\classes\taller1\grupo\vueadmin\system\mapper\SysRoleMenuMapper.class]
2024-10-19 13:42:53.399 [main] DEBUG o.s.c.annotation.ClassPathBeanDefinitionScanner - Ignored because not a concrete top-level class: file [C:\Users\e1818\OneDrive\Documentos\gestion2024\proyectofinal\proyectotaller12024\target\classes\taller1\grupo\vueadmin\system\mapper\SysRoleUserMapper.class]
2024-10-19 13:42:53.401 [main] DEBUG o.s.c.annotation.ClassPathBeanDefinitionScanner - Ignored because not a concrete top-level class: file [C:\Users\e1818\OneDrive\Documentos\gestion2024\proyectofinal\proyectotaller12024\target\classes\taller1\grupo\vueadmin\system\mapper\SysUserMapper.class]
2024-10-19 13:42:53.404 [main] DEBUG o.s.c.annotation.ClassPathBeanDefinitionScanner - Identified candidate component class: file [C:\Users\e1818\OneDrive\Documentos\gestion2024\proyectofinal\proyectotaller12024\target\classes\taller1\grupo\vueadmin\system\service\impl\ClientesServiceImpl.class]
2024-10-19 13:42:53.406 [main] DEBUG o.s.c.annotation.ClassPathBeanDefinitionScanner - Identified candidate component class: file [C:\Users\e1818\OneDrive\Documentos\gestion2024\proyectofinal\proyectotaller12024\target\classes\taller1\grupo\vueadmin\system\service\impl\Modulo1ServiceImpl.class]
2024-10-19 13:42:53.411 [main] DEBUG o.s.c.annotation.ClassPathBeanDefinitionScanner - Identified candidate component class: file [C:\Users\e1818\OneDrive\Documentos\gestion2024\proyectofinal\proyectotaller12024\target\classes\taller1\grupo\vueadmin\system\service\impl\SysLogServiceImpl.class]
2024-10-19 13:42:53.418 [main] DEBUG o.s.c.annotation.ClassPathBeanDefinitionScanner - Identified candidate component class: file [C:\Users\e1818\OneDrive\Documentos\gestion2024\proyectofinal\proyectotaller12024\target\classes\taller1\grupo\vueadmin\system\service\impl\SysMenuServiceImpl.class]
2024-10-19 13:42:53.421 [main] DEBUG o.s.c.annotation.ClassPathBeanDefinitionScanner - Identified candidate component class: file [C:\Users\e1818\OneDrive\Documentos\gestion2024\proyectofinal\proyectotaller12024\target\classes\taller1\grupo\vueadmin\system\service\impl\SysRoleMenuServiceImpl.class]
2024-10-19 13:42:53.424 [main] DEBUG o.s.c.annotation.ClassPathBeanDefinitionScanner - Identified candidate component class: file [C:\Users\e1818\OneDrive\Documentos\gestion2024\proyectofinal\proyectotaller12024\target\classes\taller1\grupo\vueadmin\system\service\impl\SysRoleServiceImpl.class]
2024-10-19 13:42:53.430 [main] DEBUG o.s.c.annotation.ClassPathBeanDefinitionScanner - Identified candidate component class: file [C:\Users\e1818\OneDrive\Documentos\gestion2024\proyectofinal\proyectotaller12024\target\classes\taller1\grupo\vueadmin\system\service\impl\SysRoleUserServiceImpl.class]
2024-10-19 13:42:53.433 [main] DEBUG o.s.c.annotation.ClassPathBeanDefinitionScanner - Identified candidate component class: file [C:\Users\e1818\OneDrive\Documentos\gestion2024\proyectofinal\proyectotaller12024\target\classes\taller1\grupo\vueadmin\system\service\impl\SysUserServiceImpl.class]
2024-10-19 13:42:55.616 [main] INFO  o.s.d.r.config.RepositoryConfigurationDelegate - Multiple Spring Data modules found, entering strict repository configuration mode
2024-10-19 13:42:55.624 [main] INFO  o.s.d.r.config.RepositoryConfigurationDelegate - Bootstrapping Spring Data Redis repositories in DEFAULT mode.
2024-10-19 13:42:55.686 [main] DEBUG o.s.b.factory.support.DefaultListableBeanFactory - Creating shared instance of singleton bean 'org.springframework.boot.autoconfigure.AutoConfigurationPackages'
2024-10-19 13:42:55.718 [main] DEBUG o.s.boot.autoconfigure.AutoConfigurationPackages - @EnableAutoConfiguration was declared on a class in the package 'taller1.grupo.vueadmin'. Automatic @Repository and @Entity scanning is enabled.
2024-10-19 13:42:55.721 [main] DEBUG o.s.d.r.config.RepositoryConfigurationDelegate - Scanning for Redis repositories in packages taller1.grupo.vueadmin.
2024-10-19 13:42:55.820 [main] INFO  o.s.d.r.config.RepositoryConfigurationDelegate - Finished Spring Data repository scanning in 95 ms. Found 0 Redis repository interfaces.
2024-10-19 13:42:56.084 [main] DEBUG o.s.b.factory.support.DefaultListableBeanFactory - Creating shared instance of singleton bean 'taller1.grupo.vueadmin.config.config.MybatisPlusConfig#MapperScannerRegistrar#0'
2024-10-19 13:42:56.090 [main] DEBUG o.s.b.factory.support.DefaultListableBeanFactory - Creating shared instance of singleton bean 'propertySourcesPlaceholderConfigurer'
2024-10-19 13:42:56.109 [main] DEBUG org.apache.ibatis.logging.LogFactory - Logging initialized using 'class org.apache.ibatis.logging.slf4j.Slf4jImpl' adapter.
2024-10-19 13:42:56.117 [main] DEBUG org.mybatis.spring.mapper.ClassPathMapperScanner - Identified candidate component class: file [C:\Users\e1818\OneDrive\Documentos\gestion2024\proyectofinal\proyectotaller12024\target\classes\taller1\grupo\vueadmin\system\mapper\ClientesMapper.class]
2024-10-19 13:42:56.117 [main] DEBUG org.mybatis.spring.mapper.ClassPathMapperScanner - Identified candidate component class: file [C:\Users\e1818\OneDrive\Documentos\gestion2024\proyectofinal\proyectotaller12024\target\classes\taller1\grupo\vueadmin\system\mapper\Modulo1Mapper.class]
2024-10-19 13:42:56.118 [main] DEBUG org.mybatis.spring.mapper.ClassPathMapperScanner - Identified candidate component class: file [C:\Users\e1818\OneDrive\Documentos\gestion2024\proyectofinal\proyectotaller12024\target\classes\taller1\grupo\vueadmin\system\mapper\SysLogMapper.class]
2024-10-19 13:42:56.118 [main] DEBUG org.mybatis.spring.mapper.ClassPathMapperScanner - Identified candidate component class: file [C:\Users\e1818\OneDrive\Documentos\gestion2024\proyectofinal\proyectotaller12024\target\classes\taller1\grupo\vueadmin\system\mapper\SysMenuMapper.class]
2024-10-19 13:42:56.118 [main] DEBUG org.mybatis.spring.mapper.ClassPathMapperScanner - Identified candidate component class: file [C:\Users\e1818\OneDrive\Documentos\gestion2024\proyectofinal\proyectotaller12024\target\classes\taller1\grupo\vueadmin\system\mapper\SysRoleMapper.class]
2024-10-19 13:42:56.119 [main] DEBUG org.mybatis.spring.mapper.ClassPathMapperScanner - Identified candidate component class: file [C:\Users\e1818\OneDrive\Documentos\gestion2024\proyectofinal\proyectotaller12024\target\classes\taller1\grupo\vueadmin\system\mapper\SysRoleMenuMapper.class]
2024-10-19 13:42:56.119 [main] DEBUG org.mybatis.spring.mapper.ClassPathMapperScanner - Identified candidate component class: file [C:\Users\e1818\OneDrive\Documentos\gestion2024\proyectofinal\proyectotaller12024\target\classes\taller1\grupo\vueadmin\system\mapper\SysRoleUserMapper.class]
2024-10-19 13:42:56.120 [main] DEBUG org.mybatis.spring.mapper.ClassPathMapperScanner - Identified candidate component class: file [C:\Users\e1818\OneDrive\Documentos\gestion2024\proyectofinal\proyectotaller12024\target\classes\taller1\grupo\vueadmin\system\mapper\SysUserMapper.class]
2024-10-19 13:42:56.125 [main] DEBUG org.mybatis.spring.mapper.ClassPathMapperScanner - Creating MapperFactoryBean with name 'clientesMapper' and 'taller1.grupo.vueadmin.system.mapper.ClientesMapper' mapperInterface
2024-10-19 13:42:56.130 [main] DEBUG org.mybatis.spring.mapper.ClassPathMapperScanner - Enabling autowire by type for MapperFactoryBean with name 'clientesMapper'.
2024-10-19 13:42:56.130 [main] DEBUG org.mybatis.spring.mapper.ClassPathMapperScanner - Creating MapperFactoryBean with name 'modulo1Mapper' and 'taller1.grupo.vueadmin.system.mapper.Modulo1Mapper' mapperInterface
2024-10-19 13:42:56.208 [main] ERROR org.springframework.boot.SpringApplication - Application run failed
java.lang.Error: Unresolved compilation problems: 
	Syntax error on token ",", @ expected
	Syntax error, insert "[ ]" to complete Dimension
	Syntax error, insert "... VariableDeclaratorId" to complete FormalParameterList

	at taller1.grupo.vueadmin.system.mapper.Modulo1Mapper.<clinit>(Modulo1Mapper.java:20)
	at java.base/java.lang.Class.forName0(Native Method)
	at java.base/java.lang.Class.forName(Class.java:467)
	at org.apache.ibatis.io.ClassLoaderWrapper.classForName(ClassLoaderWrapper.java:186)
	at org.apache.ibatis.io.ClassLoaderWrapper.classForName(ClassLoaderWrapper.java:89)
	at org.apache.ibatis.io.Resources.classForName(Resources.java:261)
	at org.mybatis.spring.mapper.ClassPathMapperScanner.processBeanDefinitions(ClassPathMapperScanner.java:239)
	at org.mybatis.spring.mapper.ClassPathMapperScanner.doScan(ClassPathMapperScanner.java:211)
	at org.springframework.context.annotation.ClassPathBeanDefinitionScanner.scan(ClassPathBeanDefinitionScanner.java:254)
	at org.mybatis.spring.mapper.MapperScannerConfigurer.postProcessBeanDefinitionRegistry(MapperScannerConfigurer.java:375)
	at org.springframework.context.support.PostProcessorRegistrationDelegate.invokeBeanDefinitionRegistryPostProcessors(PostProcessorRegistrationDelegate.java:344)
	at org.springframework.context.support.PostProcessorRegistrationDelegate.invokeBeanFactoryPostProcessors(PostProcessorRegistrationDelegate.java:145)
	at org.springframework.context.support.AbstractApplicationContext.invokeBeanFactoryPostProcessors(AbstractApplicationContext.java:779)
	at org.springframework.context.support.AbstractApplicationContext.refresh(AbstractApplicationContext.java:597)
	at org.springframework.boot.web.servlet.context.ServletWebServerApplicationContext.refresh(ServletWebServerApplicationContext.java:146)
	at org.springframework.boot.SpringApplication.refresh(SpringApplication.java:738)
	at org.springframework.boot.SpringApplication.refreshContext(SpringApplication.java:440)
	at org.springframework.boot.SpringApplication.run(SpringApplication.java:316)
	at org.springframework.boot.SpringApplication.run(SpringApplication.java:1306)
	at org.springframework.boot.SpringApplication.run(SpringApplication.java:1295)
	at taller1.grupo.vueadmin.VueadminApplication.main(VueadminApplication.java:22)
2024-10-19 13:42:56.331 [main] DEBUG o.s.b.w.s.c.AnnotationConfigServletWebServerApplicationContext - Closing org.springframework.boot.web.servlet.context.AnnotationConfigServletWebServerApplicationContext@63fdab07, started on Sat Oct 19 13:42:52 BOT 2024
